<?xml version="1.0" encoding="UTF-8"?>
<!-- Generated by org.testng.reporters.JUnitReportReporter -->
<testsuite skipped="0" hostname="SARAVANANR" name="MainTC" tests="1" failures="0" timestamp="2020-07-24T07:11:40 IST" time="60.539" errors="0">
  <testcase name="sam" time="60.539" classname="MainTC"/>
  <system-out/>
</testsuite> <!-- MainTC -->
