<?xml version="1.0" encoding="UTF-8"?>
<!-- Generated by org.testng.reporters.JUnitReportReporter -->
<testsuite skipped="0" hostname="SARAVANANR" name="sam" tests="1" failures="0" timestamp="2020-07-24T01:18:40 IST" time="10.246" errors="0">
  <testcase name="sam" time="10.246" classname="sam"/>
  <system-out/>
</testsuite> <!-- sam -->
