<?xml version="1.0" encoding="UTF-8"?>
<!-- Generated by org.testng.reporters.JUnitReportReporter -->
<testsuite skipped="0" hostname="SARAVANANR" name="MainTCApiDemos" tests="2" failures="0" timestamp="2020-07-24T07:11:39 IST" time="57.181" errors="0">
  <testcase name="apidemosfun" time="28.359" classname="MainTCApiDemos"/>
  <system-out/>
  <testcase name="apidemosfun" time="28.822" classname="MainTCApiDemos"/>
  <system-out/>
</testsuite> <!-- MainTCApiDemos -->
