<?xml version="1.0" encoding="UTF-8"?>
<!-- Generated by org.testng.reporters.JUnitReportReporter -->
<testsuite skipped="0" hostname="SARAVANANR" name="MainTCApiDemos" tests="2" failures="0" timestamp="2020-07-24T11:29:55 IST" time="103.370" errors="0">
  <testcase name="apidemosfun" time="48.409" classname="MainTCApiDemos"/>
  <system-out/>
  <testcase name="apidemosfun" time="54.961" classname="MainTCApiDemos"/>
  <system-out/>
</testsuite> <!-- MainTCApiDemos -->
