<?xml version="1.0" encoding="UTF-8"?>
<!-- Generated by org.testng.reporters.JUnitReportReporter -->
<testsuite skipped="0" hostname="SARAVANANR" name="MainTC" tests="1" failures="0" timestamp="2020-07-24T11:29:55 IST" time="117.851" errors="0">
  <testcase name="sam" time="117.851" classname="MainTC"/>
  <system-out/>
</testsuite> <!-- MainTC -->
